16:13:53.781 INFO  org.contentmine.ami.tools.AMIDict - args: [-v, --dictionary, methods_key_phrases, --directory, methods_key_phrases, --input, methods_key_phrases.txt, create, --informat, list, --outformats, xml]
16:13:53.807 DEBUG org.contentmine.ami.tools.AMIDict - Version: amidict 2020.08.09_09.54-NEXT-SNAPSHOT
(jar:file:/C:/Users/shweata/ami3/target/ami3-2020.08.09_09.54-NEXT-SNAPSHOT-distribution/ami3-2020.08.09_09.54-NEXT-SNAPSHOT/repo/ami3-2020.08.09_09.54-NEXT-SNAPSHOT.jar)
JVM: 15 (Oracle Corporation Java HotSpot(TM) 64-Bit Server VM 15+36-1562)
OS: Windows 10 10.0 amd64

16:13:53.862 ERROR org.contentmine.ami.tools.AbstractAMIDictTool - dictionaryName methods_key_phrases must match [a-z][a-z0-9]+
16:13:53.930 INFO  org.contentmine.ami.tools.dictionary.DictionaryCreationTool - dictionaryName: methods_key_phrases
16:13:53.939 DEBUG org.contentmine.ami.tools.dictionary.DictionaryCreationTool - readTerms
16:13:53.944 INFO  org.contentmine.ami.tools.dictionary.DictionaryCreationTool - names 13; terms 13
16:13:53.950 INFO  org.contentmine.ami.tools.AbstractAMIDictTool - WP url: https://en.wikipedia.org/wiki/blossoming_period
16:13:55.985 ERROR org.contentmine.ami.tools.AbstractAMIDictTool - wikimedia IO exception: https://en.wikipedia.org/wiki/Blossoming_period
16:13:55.986 ERROR org.contentmine.ami.tools.AbstractAMIDictTool - cannot parse wikipedia page for: blossoming period; java.io.FileNotFoundException: https://en.wikipedia.org/wiki/Blossoming_period
16:13:55.988 INFO  org.contentmine.ami.tools.AbstractAMIDictTool - WP url: https://en.wikipedia.org/wiki/blossoming_season
16:13:57.713 ERROR org.contentmine.ami.tools.AbstractAMIDictTool - wikimedia IO exception: https://en.wikipedia.org/wiki/Blossoming_season
16:13:57.714 ERROR org.contentmine.ami.tools.AbstractAMIDictTool - cannot parse wikipedia page for: blossoming season; java.io.FileNotFoundException: https://en.wikipedia.org/wiki/Blossoming_season
16:13:57.720 INFO  org.contentmine.ami.tools.AbstractAMIDictTool - WP url: https://en.wikipedia.org/wiki/collected_from
16:13:59.033 ERROR org.contentmine.ami.tools.AbstractAMIDictTool - wikimedia IO exception: https://en.wikipedia.org/wiki/Collected_from
16:13:59.033 ERROR org.contentmine.ami.tools.AbstractAMIDictTool - cannot parse wikipedia page for: collected from; java.io.FileNotFoundException: https://en.wikipedia.org/wiki/Collected_from
16:13:59.035 INFO  org.contentmine.ami.tools.AbstractAMIDictTool - WP url: https://en.wikipedia.org/wiki/collected_in
16:14:00.542 ERROR org.contentmine.ami.tools.AbstractAMIDictTool - wikimedia IO exception: https://en.wikipedia.org/wiki/Collected_in
16:14:00.543 ERROR org.contentmine.ami.tools.AbstractAMIDictTool - cannot parse wikipedia page for: collected in; java.io.FileNotFoundException: https://en.wikipedia.org/wiki/Collected_in
16:14:00.544 INFO  org.contentmine.ami.tools.AbstractAMIDictTool - WP url: https://en.wikipedia.org/wiki/flowering_period
16:14:02.113 ERROR org.contentmine.ami.tools.AbstractAMIDictTool - wikimedia IO exception: https://en.wikipedia.org/wiki/Flowering_period
16:14:02.113 ERROR org.contentmine.ami.tools.AbstractAMIDictTool - cannot parse wikipedia page for: flowering period; java.io.FileNotFoundException: https://en.wikipedia.org/wiki/Flowering_period
16:14:02.115 INFO  org.contentmine.ami.tools.AbstractAMIDictTool - WP url: https://en.wikipedia.org/wiki/flowering_season
16:14:03.725 ERROR org.contentmine.ami.tools.AbstractAMIDictTool - wikimedia IO exception: https://en.wikipedia.org/wiki/Flowering_season
16:14:03.725 ERROR org.contentmine.ami.tools.AbstractAMIDictTool - cannot parse wikipedia page for: flowering season; java.io.FileNotFoundException: https://en.wikipedia.org/wiki/Flowering_season
16:14:03.727 INFO  org.contentmine.ami.tools.AbstractAMIDictTool - WP url: https://en.wikipedia.org/wiki/harvesting_period
16:14:05.041 ERROR org.contentmine.ami.tools.AbstractAMIDictTool - wikimedia IO exception: https://en.wikipedia.org/wiki/Harvesting_period
16:14:05.042 ERROR org.contentmine.ami.tools.AbstractAMIDictTool - cannot parse wikipedia page for: harvesting period; java.io.FileNotFoundException: https://en.wikipedia.org/wiki/Harvesting_period
16:14:05.044 INFO  org.contentmine.ami.tools.AbstractAMIDictTool - WP url: https://en.wikipedia.org/wiki/harvesting_season
16:14:06.774 ERROR org.contentmine.ami.tools.AbstractAMIDictTool - wikimedia IO exception: https://en.wikipedia.org/wiki/Harvesting_season
16:14:06.774 ERROR org.contentmine.ami.tools.AbstractAMIDictTool - cannot parse wikipedia page for: harvesting season; java.io.FileNotFoundException: https://en.wikipedia.org/wiki/Harvesting_season
16:14:06.775 INFO  org.contentmine.ami.tools.AbstractAMIDictTool - WP url: https://en.wikipedia.org/wiki/oil_sample_was_obtained_from
16:14:08.566 ERROR org.contentmine.ami.tools.AbstractAMIDictTool - wikimedia IO exception: https://en.wikipedia.org/wiki/Oil_sample_was_obtained_from
16:14:08.567 ERROR org.contentmine.ami.tools.AbstractAMIDictTool - cannot parse wikipedia page for: oil sample was obtained from; java.io.FileNotFoundException: https://en.wikipedia.org/wiki/Oil_sample_was_obtained_from
16:14:08.568 INFO  org.contentmine.ami.tools.AbstractAMIDictTool - WP url: https://en.wikipedia.org/wiki/sample_obtained_from_
16:14:10.209 ERROR org.contentmine.ami.tools.AbstractAMIDictTool - wikimedia IO exception: https://en.wikipedia.org/wiki/Sample_obtained_from
16:14:10.210 ERROR org.contentmine.ami.tools.AbstractAMIDictTool - cannot parse wikipedia page for: sample obtained from ; java.io.FileNotFoundException: https://en.wikipedia.org/wiki/Sample_obtained_from
16:14:10.211 INFO  org.contentmine.ami.tools.AbstractAMIDictTool - WP url: https://en.wikipedia.org/wiki/seeds_were_sampled_from
16:14:11.727 ERROR org.contentmine.ami.tools.AbstractAMIDictTool - wikimedia IO exception: https://en.wikipedia.org/wiki/Seeds_were_sampled_from
16:14:11.727 ERROR org.contentmine.ami.tools.AbstractAMIDictTool - cannot parse wikipedia page for: seeds were sampled from; java.io.FileNotFoundException: https://en.wikipedia.org/wiki/Seeds_were_sampled_from
16:14:11.728 INFO  org.contentmine.ami.tools.AbstractAMIDictTool - WP url: https://en.wikipedia.org/wiki/were_collected_in_a_blossoming_period
16:14:13.079 ERROR org.contentmine.ami.tools.AbstractAMIDictTool - wikimedia IO exception: https://en.wikipedia.org/wiki/Were_collected_in_a_blossoming_period
16:14:13.079 ERROR org.contentmine.ami.tools.AbstractAMIDictTool - cannot parse wikipedia page for: were collected in a blossoming period; java.io.FileNotFoundException: https://en.wikipedia.org/wiki/Were_collected_in_a_blossoming_period
16:14:13.081 INFO  org.contentmine.ami.tools.AbstractAMIDictTool - WP url: https://en.wikipedia.org/wiki/were_purchased_from_local_markets
16:14:14.673 ERROR org.contentmine.ami.tools.AbstractAMIDictTool - wikimedia IO exception: https://en.wikipedia.org/wiki/Were_purchased_from_local_markets
16:14:14.673 ERROR org.contentmine.ami.tools.AbstractAMIDictTool - cannot parse wikipedia page for: were purchased from local markets; java.io.FileNotFoundException: https://en.wikipedia.org/wiki/Were_purchased_from_local_markets
16:14:14.679 INFO  org.contentmine.ami.tools.dictionary.DictionaryCreationTool - writing dictionary to C:\Users\shweata\dictionary\ethics_statement_project\ethics_dictionary\methods_key_phrases\methods_key_phrases.xml
